<?xml version="1.0" encoding="UTF-8"?>
<!-- Generated by org.testng.reporters.JUnitReportReporter -->
<testsuite skipped="0" hostname="ACPL-IT-004-PC" name="ban.Econolease" tests="2" failures="0" timestamp="29 Mar 2019 10:24:20 GMT" time="35.306" errors="0">
  <testcase name="Login" time="14.024" classname="ban.Econolease"/>
  <testcase name="NewLease" time="21.282" classname="ban.Econolease"/>
</testsuite> <!-- ban.Econolease -->
