<?xml version="1.0" encoding="UTF-8"?>
<!-- Generated by org.testng.reporters.JUnitReportReporter -->
<testsuite skipped="0" hostname="ACPL-IT-004-PC" name="appium.PlayStore" tests="1" failures="0" timestamp="30 May 2019 11:39:18 GMT" time="1.406" errors="0">
  <testcase name="f" time="1.406" classname="appium.PlayStore"/>
</testsuite> <!-- appium.PlayStore -->
