<?xml version="1.0" encoding="UTF-8"?>
<!-- Generated by org.testng.reporters.JUnitReportReporter -->
<testsuite skipped="0" hostname="ACPL-IT-004-PC" name="appium.PlayStore" tests="1" failures="0" timestamp="05 Mar 2019 05:25:05 GMT" time="33.401" errors="0">
  <testcase name="f" time="33.401" classname="appium.PlayStore"/>
</testsuite> <!-- appium.PlayStore -->
