<?xml version="1.0" encoding="UTF-8"?>
<!-- Generated by org.testng.reporters.JUnitReportReporter -->
<testsuite skipped="0" hostname="ACPL-IT-004-PC" name="appium.Pixhub" tests="1" failures="0" timestamp="27 May 2019 07:18:05 GMT" time="37.942" errors="0">
  <testcase name="f" time="37.942" classname="appium.Pixhub"/>
</testsuite> <!-- appium.Pixhub -->
