<?xml version="1.0" encoding="UTF-8"?>
<!-- Generated by org.testng.reporters.JUnitReportReporter -->
<testsuite skipped="0" hostname="ACPL-IT-004-PC" name="appium.Pixhub" tests="1" failures="0" timestamp="31 May 2019 05:32:57 GMT" time="38.717" errors="0">
  <testcase name="f" time="38.717" classname="appium.Pixhub"/>
</testsuite> <!-- appium.Pixhub -->
